2026-03-03T16:54:28.221+0900 [DEBUG] [org.gradle.launcher.daemon.bootstrap.DaemonMain] Assuming the daemon was started with following jvm opts: [-XX:MaxMetaspaceSize=384m, -XX:+HeapDumpOnOutOfMemoryError, -Xms256m, -Xmx512m, -Dfile.encoding=UTF-8, -Duser.country=KR, -Duser.language=ko, -Duser.variant]
2026-03-03T16:54:28.311+0900 [DEBUG] [org.gradle.internal.remote.internal.inet.InetAddresses] Adding IP addresses for network interface Realtek Gaming 2.5GbE Family Controller-WFP Native MAC Layer LightWeight Filter-0000
2026-03-03T16:54:28.312+0900 [DEBUG] [org.gradle.internal.remote.internal.inet.InetAddresses] Is this a loopback interface? false
2026-03-03T16:54:28.313+0900 [DEBUG] [org.gradle.internal.remote.internal.inet.InetAddresses] Adding IP addresses for network interface Realtek Gaming 2.5GbE Family Controller-QoS Packet Scheduler-0000
2026-03-03T16:54:28.313+0900 [DEBUG] [org.gradle.internal.remote.internal.inet.InetAddresses] Is this a loopback interface? false
2026-03-03T16:54:28.314+0900 [DEBUG] [org.gradle.internal.remote.internal.inet.InetAddresses] Adding IP addresses for network interface Realtek Gaming 2.5GbE Family Controller-WFP 802.3 MAC Layer LightWeight Filter-0000
2026-03-03T16:54:28.314+0900 [DEBUG] [org.gradle.internal.remote.internal.inet.InetAddresses] Is this a loopback interface? false
2026-03-03T16:54:28.314+0900 [DEBUG] [org.gradle.internal.remote.internal.inet.InetAddresses] Adding IP addresses for network interface WAN Miniport (IP)-WFP Native MAC Layer LightWeight Filter-0000
2026-03-03T16:54:28.314+0900 [DEBUG] [org.gradle.internal.remote.internal.inet.InetAddresses] Is this a loopback interface? false
2026-03-03T16:54:28.314+0900 [DEBUG] [org.gradle.internal.remote.internal.inet.InetAddresses] Adding IP addresses for network interface WAN Miniport (IP)-QoS Packet Scheduler-0000
2026-03-03T16:54:28.315+0900 [DEBUG] [org.gradle.internal.remote.internal.inet.InetAddresses] Is this a loopback interface? false
2026-03-03T16:54:28.315+0900 [DEBUG] [org.gradle.internal.remote.internal.inet.InetAddresses] Adding IP addresses for network interface WAN Miniport (IPv6)-WFP Native MAC Layer LightWeight Filter-0000
2026-03-03T16:54:28.315+0900 [DEBUG] [org.gradle.internal.remote.internal.inet.InetAddresses] Is this a loopback interface? false
2026-03-03T16:54:28.315+0900 [DEBUG] [org.gradle.internal.remote.internal.inet.InetAddresses] Adding IP addresses for network interface WAN Miniport (IPv6)-QoS Packet Scheduler-0000
2026-03-03T16:54:28.315+0900 [DEBUG] [org.gradle.internal.remote.internal.inet.InetAddresses] Is this a loopback interface? false
2026-03-03T16:54:28.316+0900 [DEBUG] [org.gradle.internal.remote.internal.inet.InetAddresses] Adding IP addresses for network interface WAN Miniport (Network Monitor)-WFP Native MAC Layer LightWeight Filter-0000
2026-03-03T16:54:28.316+0900 [DEBUG] [org.gradle.internal.remote.internal.inet.InetAddresses] Is this a loopback interface? false
2026-03-03T16:54:28.316+0900 [DEBUG] [org.gradle.internal.remote.internal.inet.InetAddresses] Adding IP addresses for network interface WAN Miniport (Network Monitor)-QoS Packet Scheduler-0000
2026-03-03T16:54:28.317+0900 [DEBUG] [org.gradle.internal.remote.internal.inet.InetAddresses] Is this a loopback interface? false
2026-03-03T16:54:28.317+0900 [DEBUG] [org.gradle.internal.remote.internal.inet.InetAddresses] Adding IP addresses for network interface Realtek Gaming 2.5GbE Family Controller
2026-03-03T16:54:28.317+0900 [DEBUG] [org.gradle.internal.remote.internal.inet.InetAddresses] Is this a loopback interface? false
2026-03-03T16:54:28.317+0900 [DEBUG] [org.gradle.internal.remote.internal.inet.InetAddresses] Adding remote address /fe80:0:0:0:1bd0:a7cd:8f1b:db5f%ethernet_32768
2026-03-03T16:54:28.317+0900 [DEBUG] [org.gradle.internal.remote.internal.inet.InetAddresses] Adding remote address /192.168.0.20
2026-03-03T16:54:28.318+0900 [DEBUG] [org.gradle.internal.remote.internal.inet.InetAddresses] Adding IP addresses for network interface Microsoft Kernel Debug Network Adapter
2026-03-03T16:54:28.318+0900 [DEBUG] [org.gradle.internal.remote.internal.inet.InetAddresses] Is this a loopback interface? false
2026-03-03T16:54:28.318+0900 [DEBUG] [org.gradle.internal.remote.internal.inet.InetAddresses] Adding IP addresses for network interface WAN Miniport (IP)
2026-03-03T16:54:28.318+0900 [DEBUG] [org.gradle.internal.remote.internal.inet.InetAddresses] Is this a loopback interface? false
2026-03-03T16:54:28.318+0900 [DEBUG] [org.gradle.internal.remote.internal.inet.InetAddresses] Adding IP addresses for network interface WAN Miniport (IPv6)
2026-03-03T16:54:28.318+0900 [DEBUG] [org.gradle.internal.remote.internal.inet.InetAddresses] Is this a loopback interface? false
2026-03-03T16:54:28.318+0900 [DEBUG] [org.gradle.internal.remote.internal.inet.InetAddresses] Adding IP addresses for network interface WAN Miniport (Network Monitor)
2026-03-03T16:54:28.319+0900 [DEBUG] [org.gradle.internal.remote.internal.inet.InetAddresses] Is this a loopback interface? false
2026-03-03T16:54:28.319+0900 [DEBUG] [org.gradle.internal.remote.internal.inet.InetAddresses] Adding IP addresses for network interface WAN Miniport (PPPOE)
2026-03-03T16:54:28.319+0900 [DEBUG] [org.gradle.internal.remote.internal.inet.InetAddresses] Is this a loopback interface? false
2026-03-03T16:54:28.319+0900 [DEBUG] [org.gradle.internal.remote.internal.inet.InetAddresses] Adding IP addresses for network interface Software Loopback Interface 1
2026-03-03T16:54:28.320+0900 [DEBUG] [org.gradle.internal.remote.internal.inet.InetAddresses] Is this a loopback interface? true
2026-03-03T16:54:28.320+0900 [DEBUG] [org.gradle.internal.remote.internal.inet.InetAddresses] Adding loopback address /0:0:0:0:0:0:0:1
2026-03-03T16:54:28.320+0900 [DEBUG] [org.gradle.internal.remote.internal.inet.InetAddresses] Adding loopback address /127.0.0.1
2026-03-03T16:54:28.320+0900 [DEBUG] [org.gradle.internal.remote.internal.inet.InetAddresses] Adding IP addresses for network interface Microsoft Teredo Tunneling Adapter
2026-03-03T16:54:28.320+0900 [DEBUG] [org.gradle.internal.remote.internal.inet.InetAddresses] Is this a loopback interface? false
2026-03-03T16:54:28.320+0900 [DEBUG] [org.gradle.internal.remote.internal.inet.InetAddresses] Adding IP addresses for network interface Microsoft IP-HTTPS Platform Adapter
2026-03-03T16:54:28.320+0900 [DEBUG] [org.gradle.internal.remote.internal.inet.InetAddresses] Is this a loopback interface? false
2026-03-03T16:54:28.321+0900 [DEBUG] [org.gradle.internal.remote.internal.inet.InetAddresses] Adding IP addresses for network interface Microsoft 6to4 Adapter
2026-03-03T16:54:28.321+0900 [DEBUG] [org.gradle.internal.remote.internal.inet.InetAddresses] Is this a loopback interface? false
2026-03-03T16:54:28.321+0900 [DEBUG] [org.gradle.internal.remote.internal.inet.InetAddresses] Adding IP addresses for network interface WAN Miniport (SSTP)
2026-03-03T16:54:28.321+0900 [DEBUG] [org.gradle.internal.remote.internal.inet.InetAddresses] Is this a loopback interface? false
2026-03-03T16:54:28.321+0900 [DEBUG] [org.gradle.internal.remote.internal.inet.InetAddresses] Adding IP addresses for network interface WAN Miniport (IKEv2)
2026-03-03T16:54:28.321+0900 [DEBUG] [org.gradle.internal.remote.internal.inet.InetAddresses] Is this a loopback interface? false
2026-03-03T16:54:28.321+0900 [DEBUG] [org.gradle.internal.remote.internal.inet.InetAddresses] Adding IP addresses for network interface WAN Miniport (L2TP)
2026-03-03T16:54:28.322+0900 [DEBUG] [org.gradle.internal.remote.internal.inet.InetAddresses] Is this a loopback interface? false
2026-03-03T16:54:28.322+0900 [DEBUG] [org.gradle.internal.remote.internal.inet.InetAddresses] Adding IP addresses for network interface WAN Miniport (PPTP)
2026-03-03T16:54:28.322+0900 [DEBUG] [org.gradle.internal.remote.internal.inet.InetAddresses] Is this a loopback interface? false
2026-03-03T16:54:28.350+0900 [INFO] [org.gradle.launcher.daemon.server.Daemon] start() called on daemon - DefaultDaemonContext[uid=03effcba-f2cc-42fa-83c1-741ceee2d99d,javaHome=C:\tools\jdk-21,javaVersion=21,javaVendor=Oracle Corporation,daemonRegistryDir=C:\workspace\travel_platform\.gradle-home\daemon,pid=6160,idleTimeout=10800000,priority=NORMAL,applyInstrumentationAgent=true,nativeServicesMode=ENABLED,daemonOpts=-XX:MaxMetaspaceSize=384m,-XX:+HeapDumpOnOutOfMemoryError,-Xms256m,-Xmx512m,-Dfile.encoding=UTF-8,-Duser.country=KR,-Duser.language=ko,-Duser.variant]
2026-03-03T16:54:36.379+0900 [DEBUG] [org.gradle.internal.remote.internal.inet.TcpIncomingConnector] Listening on [76384afe-4b50-4537-b3bd-2673eb16312f port:64008, addresses:[localhost/127.0.0.1]].
2026-03-03T16:54:36.388+0900 [DEBUG] [org.gradle.launcher.daemon.server.Daemon] Daemon starting at: Tue Mar 03 16:54:36 KST 2026, with address: [76384afe-4b50-4537-b3bd-2673eb16312f port:64008, addresses:[localhost/127.0.0.1]]
2026-03-03T16:54:36.388+0900 [INFO] [org.gradle.launcher.daemon.server.DaemonRegistryUpdater] Advertising the daemon address to the clients: [76384afe-4b50-4537-b3bd-2673eb16312f port:64008, addresses:[localhost/127.0.0.1]]
2026-03-03T16:54:36.388+0900 [DEBUG] [org.gradle.launcher.daemon.server.DaemonRegistryUpdater] Advertised daemon context: DefaultDaemonContext[uid=03effcba-f2cc-42fa-83c1-741ceee2d99d,javaHome=C:\tools\jdk-21,javaVersion=21,javaVendor=Oracle Corporation,daemonRegistryDir=C:\workspace\travel_platform\.gradle-home\daemon,pid=6160,idleTimeout=10800000,priority=NORMAL,applyInstrumentationAgent=true,nativeServicesMode=ENABLED,daemonOpts=-XX:MaxMetaspaceSize=384m,-XX:+HeapDumpOnOutOfMemoryError,-Xms256m,-Xmx512m,-Dfile.encoding=UTF-8,-Duser.country=KR,-Duser.language=ko,-Duser.variant]
2026-03-03T16:54:36.389+0900 [DEBUG] [org.gradle.launcher.daemon.registry.PersistentDaemonRegistry] Storing daemon address: [76384afe-4b50-4537-b3bd-2673eb16312f port:64008, addresses:[localhost/127.0.0.1]], context: DefaultDaemonContext[uid=03effcba-f2cc-42fa-83c1-741ceee2d99d,javaHome=C:\tools\jdk-21,javaVersion=21,javaVendor=Oracle Corporation,daemonRegistryDir=C:\workspace\travel_platform\.gradle-home\daemon,pid=6160,idleTimeout=10800000,priority=NORMAL,applyInstrumentationAgent=true,nativeServicesMode=ENABLED,daemonOpts=-XX:MaxMetaspaceSize=384m,-XX:+HeapDumpOnOutOfMemoryError,-Xms256m,-Xmx512m,-Dfile.encoding=UTF-8,-Duser.country=KR,-Duser.language=ko,-Duser.variant]
2026-03-03T16:54:36.404+0900 [DEBUG] [org.gradle.cache.internal.DefaultFileLockManager] Waiting to acquire exclusive lock on daemon addresses registry.
2026-03-03T16:54:36.406+0900 [DEBUG] [org.gradle.cache.internal.DefaultFileLockManager] Lock acquired on daemon addresses registry.
2026-03-03T16:54:36.410+0900 [DEBUG] [org.gradle.cache.internal.DefaultFileLockManager] Releasing lock on daemon addresses registry.
2026-03-03T16:54:36.410+0900 [LIFECYCLE] [org.gradle.launcher.daemon.server.Daemon] Daemon server started.
2026-03-03T16:54:36.411+0900 [DEBUG] [org.gradle.launcher.daemon.bootstrap.DaemonStartupCommunication] Completed writing the daemon greeting. Closing streams...
2026-03-03T16:54:36.417+0900 [DEBUG] [org.gradle.launcher.daemon.server.Daemon] stopOnExpiration() called on daemon
2026-03-03T16:54:36.418+0900 [DEBUG] [org.gradle.launcher.daemon.server.Daemon] awaitExpiration() called on daemon
2026-03-03T16:54:36.418+0900 [DEBUG] [org.gradle.launcher.daemon.server.DaemonStateCoordinator] daemon is running. Sleeping until state changes.
2026-03-03T16:54:36.429+0900 [DEBUG] [org.gradle.internal.remote.internal.inet.TcpIncomingConnector] Accepted connection from /127.0.0.1:64009 to /127.0.0.1:64008.
2026-03-03T16:54:36.470+0900 [DEBUG] [org.gradle.launcher.daemon.server.SynchronizedDispatchConnection] thread 75: received class org.gradle.launcher.daemon.protocol.Build
2026-03-03T16:54:36.470+0900 [DEBUG] [org.gradle.launcher.daemon.server.DefaultDaemonConnection] thread 75: Received non-IO message from client: Build{id=c6ab75ed-5fe4-42c9-b51e-5856d76f8c7d, currentDir=C:\workspace\travel_platform}
2026-03-03T16:54:36.471+0900 [INFO] [org.gradle.launcher.daemon.server.DefaultIncomingConnectionHandler] Received command: Build{id=c6ab75ed-5fe4-42c9-b51e-5856d76f8c7d, currentDir=C:\workspace\travel_platform}.
2026-03-03T16:54:36.471+0900 [DEBUG] [org.gradle.launcher.daemon.server.DefaultIncomingConnectionHandler] Starting executing command: Build{id=c6ab75ed-5fe4-42c9-b51e-5856d76f8c7d, currentDir=C:\workspace\travel_platform} with connection: socket connection from /127.0.0.1:64008 to /127.0.0.1:64009.
2026-03-03T16:54:36.472+0900 [DEBUG] [org.gradle.launcher.daemon.server.DaemonStateCoordinator] Command execution: started DaemonCommandExecution[command = Build{id=c6ab75ed-5fe4-42c9-b51e-5856d76f8c7d, currentDir=C:\workspace\travel_platform}, connection = DefaultDaemonConnection: socket connection from /127.0.0.1:64008 to /127.0.0.1:64009] after 0.0016 minutes of idle
2026-03-03T16:54:36.472+0900 [INFO] [org.gradle.launcher.daemon.server.DaemonRegistryUpdater] Marking the daemon as busy, address: [76384afe-4b50-4537-b3bd-2673eb16312f port:64008, addresses:[localhost/127.0.0.1]]
2026-03-03T16:54:36.472+0900 [DEBUG] [org.gradle.launcher.daemon.registry.PersistentDaemonRegistry] Marking busy by address: [76384afe-4b50-4537-b3bd-2673eb16312f port:64008, addresses:[localhost/127.0.0.1]]
2026-03-03T16:54:36.473+0900 [DEBUG] [org.gradle.cache.internal.DefaultFileLockManager] Waiting to acquire exclusive lock on daemon addresses registry.
2026-03-03T16:54:36.474+0900 [DEBUG] [org.gradle.cache.internal.DefaultFileLockManager] Lock acquired on daemon addresses registry.
2026-03-03T16:54:36.474+0900 [DEBUG] [org.gradle.cache.internal.DefaultFileLockManager] Releasing lock on daemon addresses registry.
2026-03-03T16:54:36.475+0900 [DEBUG] [org.gradle.launcher.daemon.server.DaemonStateCoordinator] resetting idle timer
2026-03-03T16:54:36.475+0900 [DEBUG] [org.gradle.launcher.daemon.server.DaemonStateCoordinator] daemon is running. Sleeping until state changes.
2026-03-03T16:54:36.475+0900 [INFO] [org.gradle.launcher.daemon.server.exec.StartBuildOrRespondWithBusy] Daemon is about to start building Build{id=c6ab75ed-5fe4-42c9-b51e-5856d76f8c7d, currentDir=C:\workspace\travel_platform}. Dispatching build started information...
2026-03-03T16:54:36.476+0900 [DEBUG] [org.gradle.launcher.daemon.server.SynchronizedDispatchConnection] thread 77: dispatching org.gradle.launcher.daemon.protocol.BuildStarted@6f9e1afa
2026-03-03T16:54:36.476+0900 [DEBUG] [org.gradle.launcher.daemon.server.exec.EstablishBuildEnvironment] Configuring env variables: [PATH, USERDOMAIN_ROAMINGPROFILE, PROCESSOR_LEVEL, GIT_PAGER, SESSIONNAME, ALLUSERSPROFILE, GIT_CONFIG_COUNT, PROCESSOR_ARCHITECTURE, PSModulePath, VSCODE_PID, SystemDrive, EFC_4464_3789132940, DIRNAME, USERNAME, GIT_CONFIG_VALUE_0, ProgramFiles(x86), VSCODE_NLS_CONFIG, CHROME_CRASHPAD_PIPE_NAME, CODEX_INTERNAL_ORIGINATOR_OVERRIDE, FPS_BROWSER_USER_PROFILE_STRING, APP_HOME, CODEX_SANDBOX_NETWORK_DISABLED, DEFAULT_JVM_OPTS, PATHEXT, DriverData, VSCODE_CRASH_REPORTER_PROCESS_TYPE, PAGER, EFC_4464_2283032206, EFC_4464_2775293581, VSCODE_CODE_CACHE_PATH, ORIGINAL_XDG_CURRENT_DESKTOP, ProgramData, ProgramW6432, HOMEPATH, PROCESSOR_IDENTIFIER, ProgramFiles, PUBLIC, LESS, windir, LOCALAPPDATA, CURSOR_TRACE_ID, EFC_4464_1592913036, USERDOMAIN, VSCODE_HANDLES_UNCAUGHT_ERRORS, FPS_BROWSER_APP_PROFILE_STRING, LOGONSERVER, JAVA_HOME, PROMPT, RUST_LOG, ELECTRON_RUN_AS_NODE, OneDrive, =C:, APPDATA, GRADLE_USER_HOME, EFC_4464_1262719628, JAVA_EXE, CODEX_THREAD_ID, CommonProgramFiles, GIT_CONFIG_KEY_0, VSCODE_CWD, OS, COMPUTERNAME, VSCODE_ESM_ENTRYPOINT, PROCESSOR_REVISION, CommonProgramW6432, DEBUG, ComSpec, APP_BASE_NAME, VSCODE_PROCESS_TITLE, SystemRoot, TEMP, HOMEDRIVE, USERPROFILE, TMP, CommonProgramFiles(x86), NUMBER_OF_PROCESSORS, VSCODE_IPC_HOOK]
2026-03-03T16:54:36.479+0900 [DEBUG] [org.gradle.launcher.daemon.server.exec.LogToClient] About to start relaying all logs to the client via the connection.
2026-03-03T16:54:36.479+0900 [INFO] [org.gradle.launcher.daemon.server.exec.LogToClient] The client will now receive all logging from the daemon (pid: 6160). The daemon log file: C:\workspace\travel_platform\.gradle-home\daemon\9.3.1\daemon-6160.out.log
2026-03-03T16:54:36.480+0900 [INFO] [org.gradle.launcher.daemon.server.exec.LogAndCheckHealth] Starting build in new daemon [memory: 512 MiB]
2026-03-03T16:54:36.484+0900 [DEBUG] [org.gradle.launcher.daemon.server.exec.ExecuteBuild] The daemon has started executing the build.
2026-03-03T16:54:36.484+0900 [DEBUG] [org.gradle.launcher.daemon.server.exec.ExecuteBuild] Executing build with daemon context: DefaultDaemonContext[uid=03effcba-f2cc-42fa-83c1-741ceee2d99d,javaHome=C:\tools\jdk-21,javaVersion=21,javaVendor=Oracle Corporation,daemonRegistryDir=C:\workspace\travel_platform\.gradle-home\daemon,pid=6160,idleTimeout=10800000,priority=NORMAL,applyInstrumentationAgent=true,nativeServicesMode=ENABLED,daemonOpts=-XX:MaxMetaspaceSize=384m,-XX:+HeapDumpOnOutOfMemoryError,-Xms256m,-Xmx512m,-Dfile.encoding=UTF-8,-Duser.country=KR,-Duser.language=ko,-Duser.variant]
2026-03-03T16:54:42.383+0900 [DEBUG] [org.gradle.launcher.daemon.server.exec.ExecuteBuild] The daemon has finished executing the build.
2026-03-03T16:54:42.400+0900 [DEBUG] [org.gradle.launcher.daemon.server.DaemonStateCoordinator] daemon is running. Sleeping until state changes.
2026-03-03T16:54:42.401+0900 [DEBUG] [org.gradle.launcher.daemon.server.DaemonStateCoordinator] Command execution: finished waiting for DaemonCommandExecution[command = Build{id=c6ab75ed-5fe4-42c9-b51e-5856d76f8c7d, currentDir=C:\workspace\travel_platform}, connection = DefaultDaemonConnection: socket connection from /127.0.0.1:64008 to /127.0.0.1:64009]. Result org.gradle.launcher.daemon.server.DaemonStateCoordinator@264cf8a9 with state Busy
2026-03-03T16:54:42.401+0900 [DEBUG] [org.gradle.launcher.daemon.server.DaemonStateCoordinator] Command execution: completed DaemonCommandExecution[command = Build{id=c6ab75ed-5fe4-42c9-b51e-5856d76f8c7d, currentDir=C:\workspace\travel_platform}, connection = DefaultDaemonConnection: socket connection from /127.0.0.1:64008 to /127.0.0.1:64009]
2026-03-03T16:54:42.401+0900 [DEBUG] [org.gradle.launcher.daemon.server.DaemonStateCoordinator] resetting idle timer
2026-03-03T16:54:42.401+0900 [INFO] [org.gradle.launcher.daemon.server.DaemonRegistryUpdater] Marking the daemon as idle, address: [76384afe-4b50-4537-b3bd-2673eb16312f port:64008, addresses:[localhost/127.0.0.1]]
2026-03-03T16:54:42.401+0900 [DEBUG] [org.gradle.launcher.daemon.registry.PersistentDaemonRegistry] Marking busy by address: [76384afe-4b50-4537-b3bd-2673eb16312f port:64008, addresses:[localhost/127.0.0.1]]
2026-03-03T16:54:42.409+0900 [DEBUG] [org.gradle.cache.internal.DefaultFileLockManager] Waiting to acquire exclusive lock on daemon addresses registry.
2026-03-03T16:54:42.410+0900 [DEBUG] [org.gradle.cache.internal.DefaultFileLockManager] Lock acquired on daemon addresses registry.
2026-03-03T16:54:42.413+0900 [DEBUG] [org.gradle.cache.internal.DefaultFileLockManager] Releasing lock on daemon addresses registry.
2026-03-03T16:54:42.414+0900 [DEBUG] [org.gradle.launcher.daemon.server.DaemonStateCoordinator] daemon is running. Sleeping until state changes.
2026-03-03T16:54:42.414+0900 [DEBUG] [org.gradle.launcher.daemon.server.exec.ReturnResult] Daemon is dispatching the build result: Success[value=org.gradle.launcher.exec.BuildActionResult@5f499715]
2026-03-03T16:54:42.414+0900 [DEBUG] [org.gradle.launcher.daemon.server.SynchronizedDispatchConnection] thread 74: dispatching Success[value=org.gradle.launcher.exec.BuildActionResult@5f499715]
2026-03-03T16:54:42.416+0900 [DEBUG] [org.gradle.launcher.daemon.server.SynchronizedDispatchConnection] thread 75: received class org.gradle.launcher.daemon.protocol.CloseInput
2026-03-03T16:54:42.416+0900 [DEBUG] [org.gradle.launcher.daemon.server.DefaultIncomingConnectionHandler] Finishing executing command: Build{id=c6ab75ed-5fe4-42c9-b51e-5856d76f8c7d, currentDir=C:\workspace\travel_platform}
2026-03-03T16:54:42.416+0900 [DEBUG] [org.gradle.launcher.daemon.server.exec.CleanUpVirtualFileSystemAfterBuild] Cleaning virtual file system after build finished
2026-03-03T16:54:42.416+0900 [DEBUG] [org.gradle.launcher.daemon.server.DefaultDaemonConnection] thread 75: Received IO message from client: org.gradle.launcher.daemon.protocol.CloseInput@2e232d7
2026-03-03T16:54:42.417+0900 [DEBUG] [org.gradle.launcher.daemon.server.SynchronizedDispatchConnection] thread 75: received class org.gradle.launcher.daemon.protocol.Finished
2026-03-03T16:54:42.417+0900 [DEBUG] [org.gradle.launcher.daemon.server.DefaultDaemonConnection] thread 75: Received non-IO message from client: org.gradle.launcher.daemon.protocol.Finished@3e685e89
2026-03-03T16:54:42.417+0900 [DEBUG] [org.gradle.launcher.daemon.server.DefaultIncomingConnectionHandler] Received finished message: org.gradle.launcher.daemon.protocol.Finished@3e685e89
2026-03-03T16:54:42.417+0900 [DEBUG] [org.gradle.launcher.daemon.server.SynchronizedDispatchConnection] thread 74: stopping connection
2026-03-03T16:54:42.417+0900 [DEBUG] [org.gradle.internal.remote.internal.inet.SocketConnection] Discarding EOFException: java.io.EOFException
2026-03-03T16:54:42.418+0900 [DEBUG] [org.gradle.launcher.daemon.server.SynchronizedDispatchConnection] thread 75: received null
2026-03-03T16:54:42.418+0900 [DEBUG] [org.gradle.launcher.daemon.server.DefaultDaemonConnection] thread 75: Received end-of-input from client.
2026-03-03T16:54:42.419+0900 [DEBUG] [org.gradle.launcher.daemon.server.SynchronizedDispatchConnection] thread 74: stopping connection
